2025-12-02 10:43:57 - geoshift - INFO - map_widget.py:117 - Map widget initialized with blank screen
2025-12-02 10:43:57 - geoshift - INFO - map_widget.py:274 - show_comparison called
2025-12-02 10:43:57 - geoshift - INFO - map_widget.py:117 - Map widget initialized with blank screen
2025-12-02 10:43:57 - geoshift - WARNING - map_widget.py:122 - Image path does not exist: dummy_path.png
2025-12-02 10:43:57 - geoshift - INFO - map_widget.py:117 - Map widget initialized with blank screen
2025-12-02 10:43:57 - geoshift - INFO - map_widget.py:274 - show_comparison called
2025-12-02 10:43:57 - geoshift - INFO - map_widget.py:117 - Map widget initialized with blank screen
2025-12-02 10:43:57 - geoshift - WARNING - map_widget.py:122 - Image path does not exist: dummy_path.png
2025-12-02 10:43:57 - geoshift - INFO - map_widget.py:117 - Map widget initialized with blank screen
2025-12-02 10:43:57 - geoshift - INFO - map_widget.py:274 - show_comparison called
2025-12-02 10:43:57 - geoshift - INFO - map_widget.py:117 - Map widget initialized with blank screen
2025-12-02 10:43:57 - geoshift - WARNING - map_widget.py:122 - Image path does not exist: dummy_path.png
2025-12-02 10:43:57 - geoshift - INFO - map_widget.py:117 - Map widget initialized with blank screen
2025-12-02 10:43:57 - geoshift - INFO - map_widget.py:274 - show_comparison called
2025-12-02 10:43:57 - geoshift - WARNING - map_widget.py:276 - Missing raster data for comparison
2025-12-02 10:43:57 - geoshift - INFO - map_widget.py:274 - show_comparison called
2025-12-02 10:43:57 - geoshift - WARNING - map_widget.py:276 - Missing raster data for comparison
2025-12-02 10:43:57 - geoshift - INFO - map_widget.py:274 - show_comparison called
2025-12-02 10:43:57 - geoshift - WARNING - map_widget.py:276 - Missing raster data for comparison
2025-12-02 10:44:13 - geoshift - INFO - map_widget.py:117 - Map widget initialized with blank screen
2025-12-02 10:44:13 - geoshift - INFO - map_widget.py:274 - show_comparison called
2025-12-02 10:44:13 - geoshift - INFO - map_widget.py:117 - Map widget initialized with blank screen
2025-12-02 10:44:13 - geoshift - WARNING - map_widget.py:122 - Image path does not exist: dummy_path.png
2025-12-02 10:49:45 - geoshift - INFO - map_widget.py:117 - Map widget initialized with blank screen
2025-12-02 10:49:45 - geoshift - INFO - map_widget.py:274 - show_comparison called
2025-12-02 10:49:45 - geoshift - INFO - map_widget.py:117 - Map widget initialized with blank screen
2025-12-02 10:49:45 - geoshift - INFO - map_widget.py:274 - show_comparison called
2025-12-02 10:49:45 - geoshift - INFO - map_widget.py:117 - Map widget initialized with blank screen
2025-12-02 10:49:45 - geoshift - INFO - map_widget.py:274 - show_comparison called
2025-12-02 10:49:45 - geoshift - INFO - map_widget.py:117 - Map widget initialized with blank screen
2025-12-02 10:49:45 - geoshift - INFO - map_widget.py:274 - show_comparison called
2025-12-02 10:49:45 - geoshift - WARNING - map_widget.py:276 - Missing raster data for comparison
2025-12-02 10:49:45 - geoshift - INFO - map_widget.py:274 - show_comparison called
2025-12-02 10:49:45 - geoshift - WARNING - map_widget.py:276 - Missing raster data for comparison
2025-12-02 10:49:45 - geoshift - INFO - map_widget.py:274 - show_comparison called
2025-12-02 10:49:45 - geoshift - WARNING - map_widget.py:276 - Missing raster data for comparison
2025-12-02 10:49:55 - geoshift - INFO - map_widget.py:117 - Map widget initialized with blank screen
2025-12-02 10:49:55 - geoshift - INFO - map_widget.py:274 - show_comparison called
2025-12-02 10:49:55 - geoshift - INFO - map_widget.py:117 - Map widget initialized with blank screen
2025-12-02 10:49:55 - geoshift - INFO - map_widget.py:274 - show_comparison called
2025-12-02 10:49:55 - geoshift - INFO - map_widget.py:117 - Map widget initialized with blank screen
2025-12-02 10:49:55 - geoshift - INFO - map_widget.py:274 - show_comparison called
2025-12-02 10:49:55 - geoshift - INFO - map_widget.py:117 - Map widget initialized with blank screen
2025-12-02 10:49:55 - geoshift - INFO - map_widget.py:274 - show_comparison called
2025-12-02 10:49:55 - geoshift - WARNING - map_widget.py:276 - Missing raster data for comparison
2025-12-02 10:49:55 - geoshift - INFO - map_widget.py:274 - show_comparison called
2025-12-02 10:49:55 - geoshift - WARNING - map_widget.py:276 - Missing raster data for comparison
2025-12-02 10:49:55 - geoshift - INFO - map_widget.py:274 - show_comparison called
2025-12-02 10:49:55 - geoshift - WARNING - map_widget.py:276 - Missing raster data for comparison
2025-12-02 10:51:58 - geoshift - INFO - map_widget.py:117 - Map widget initialized with blank screen
2025-12-02 10:52:02 - geoshift - INFO - main_window.py:345 - load_image called for slot A
2025-12-02 10:52:07 - geoshift - INFO - main_window.py:348 - Selected file: C:/Users/Samson Adeyomoye/Downloads/SV2-02_20230628_L2A0000686239_0012320820001_01-PAN2result_cog.tif
2025-12-02 10:52:07 - geoshift - INFO - main_window.py:319 - Loading Image A: SV2-02_20230628_L2A0000686239_0012320820001_01-PAN2result_cog.tif...
2025-12-02 10:52:08 - geoshift - INFO - reader.py:24 - Loading raster: SV2-02_20230628_L2A0000686239_0012320820001_01-PAN2result_cog.tif
2025-12-02 10:52:08 - geoshift - INFO - reader.py:25 - Original CRS: EPSG:32611
2025-12-02 10:52:08 - geoshift - INFO - reader.py:26 - Original bounds: BoundingBox(left=430211.0, bottom=3870839.0, right=446189.0, top=3890479.5)
2025-12-02 10:52:08 - geoshift - INFO - reader.py:32 - Reprojected bounds to WGS84: (-117.76623524792988, 34.97771776427887, -117.58954252586503, 35.15578945697758)
2025-12-02 10:52:08 - geoshift - INFO - reader.py:46 - Nodata value: None
2025-12-02 10:52:08 - geoshift - INFO - reader.py:66 - No nodata value defined, assuming 0 is nodata
2025-12-02 10:52:08 - geoshift - INFO - reader.py:80 - Preview data range: min=0.00, max=2266.00
2025-12-02 10:52:08 - geoshift - INFO - reader.py:81 - Contrast stretch (valid pixels): 2nd percentile=590.00, 98th percentile=1273.00
2025-12-02 10:52:08 - geoshift - INFO - reader.py:90 - Preview mean value after stretch: 89.42
2025-12-02 10:52:08 - geoshift - INFO - reader.py:124 - Converted single-band image to RGBA with transparency
2025-12-02 10:52:08 - geoshift - INFO - reader.py:132 - Saved preview to: C:\Users\Samson Adeyomoye\Desktop\Desktop_Geoshift\geoshift-desktop\assets\previews\preview_SV2-02_20230628_L2A0000686239_0012320820001_01-PAN2result_cog.tif.png
2025-12-02 10:52:08 - geoshift - INFO - main_window.py:366 - Raster loaded for slot A: C:/Users/Samson Adeyomoye/Downloads/SV2-02_20230628_L2A0000686239_0012320820001_01-PAN2result_cog.tif
2025-12-02 10:52:08 - geoshift - INFO - main_window.py:319 - Loaded Image A: SV2-02_20230628_L2A0000686239_0012320820001_01-PAN2result_cog.tif
2025-12-02 10:52:08 - geoshift - INFO - map_widget.py:255 - show_map called
2025-12-02 10:52:08 - geoshift - DEBUG - map_widget.py:127 - Encoded image: preview_SV2-02_20230628_L2A0000686239_0012320820001_01-PAN2result_cog.tif.png
2025-12-02 10:52:08 - geoshift - INFO - map_widget.py:251 - Map rendered with current layers
2025-12-02 10:52:09 - geoshift - INFO - main_window.py:345 - load_image called for slot B
2025-12-02 10:52:11 - geoshift - INFO - main_window.py:348 - Selected file: C:/Users/Samson Adeyomoye/Downloads/SV2-02_20230628_L2A0000686239_0012320820001_01-PAN1result_cog.tif
2025-12-02 10:52:11 - geoshift - INFO - main_window.py:319 - Loading Image B: SV2-02_20230628_L2A0000686239_0012320820001_01-PAN1result_cog.tif...
2025-12-02 10:52:11 - geoshift - INFO - reader.py:24 - Loading raster: SV2-02_20230628_L2A0000686239_0012320820001_01-PAN1result_cog.tif
2025-12-02 10:52:11 - geoshift - INFO - reader.py:25 - Original CRS: EPSG:32611
2025-12-02 10:52:11 - geoshift - INFO - reader.py:26 - Original bounds: BoundingBox(left=428403.0, bottom=3867450.5, right=447166.0, top=3889719.0)
2025-12-02 10:52:11 - geoshift - INFO - reader.py:32 - Reprojected bounds to WGS84: (-117.78601825639633, 34.94703851311185, -117.57862435836778, 35.1489840503135)
2025-12-02 10:52:11 - geoshift - INFO - reader.py:46 - Nodata value: None
2025-12-02 10:52:11 - geoshift - INFO - reader.py:66 - No nodata value defined, assuming 0 is nodata
2025-12-02 10:52:11 - geoshift - INFO - reader.py:80 - Preview data range: min=0.00, max=2266.00
2025-12-02 10:52:11 - geoshift - INFO - reader.py:81 - Contrast stretch (valid pixels): 2nd percentile=760.00, 98th percentile=1526.00
2025-12-02 10:52:11 - geoshift - INFO - reader.py:90 - Preview mean value after stretch: 95.59
2025-12-02 10:52:11 - geoshift - INFO - reader.py:124 - Converted single-band image to RGBA with transparency
2025-12-02 10:52:11 - geoshift - INFO - reader.py:132 - Saved preview to: C:\Users\Samson Adeyomoye\Desktop\Desktop_Geoshift\geoshift-desktop\assets\previews\preview_SV2-02_20230628_L2A0000686239_0012320820001_01-PAN1result_cog.tif.png
2025-12-02 10:52:11 - geoshift - INFO - main_window.py:366 - Raster loaded for slot B: C:/Users/Samson Adeyomoye/Downloads/SV2-02_20230628_L2A0000686239_0012320820001_01-PAN1result_cog.tif
2025-12-02 10:52:11 - geoshift - INFO - main_window.py:319 - Loaded Image B: SV2-02_20230628_L2A0000686239_0012320820001_01-PAN1result_cog.tif
2025-12-02 10:52:11 - geoshift - INFO - map_widget.py:274 - show_comparison called
2025-12-02 10:52:11 - geoshift - INFO - map_widget.py:117 - Map widget initialized with blank screen
2025-12-02 10:52:11 - geoshift - DEBUG - map_widget.py:127 - Encoded image: preview_SV2-02_20230628_L2A0000686239_0012320820001_01-PAN2result_cog.tif.png
2025-12-02 10:52:11 - geoshift - DEBUG - map_widget.py:127 - Encoded image: preview_SV2-02_20230628_L2A0000686239_0012320820001_01-PAN1result_cog.tif.png
2025-12-02 10:52:11 - geoshift - INFO - map_widget.py:251 - Map rendered with current layers
2025-12-02 10:52:11 - geoshift - INFO - main_window.py:319 - Both images loaded. Select analysis type and click 'Run Analysis'.
2025-12-02 10:52:46 - geoshift - INFO - main_window.py:415 - run_analysis called
2025-12-02 10:52:46 - geoshift - INFO - main_window.py:421 - Starting analysis: landuse
2025-12-02 10:52:46 - geoshift - INFO - main_window.py:319 - Running Land-use Change...
2025-12-02 10:53:14 - geoshift - INFO - main_window.py:319 - Resizing images to match dimensions...
2025-12-02 10:53:18 - geoshift - INFO - main_window.py:319 - Resized Image B to 31956x39281
2025-12-02 11:06:12 - geoshift - INFO - map_widget.py:117 - Map widget initialized with blank screen
2025-12-02 11:06:14 - geoshift - INFO - main_window.py:376 - load_image called for slot A
2025-12-02 11:06:19 - geoshift - INFO - main_window.py:379 - Selected file: C:/Users/Samson Adeyomoye/Downloads/SV2-02_20230628_L2A0000686239_0012320820001_01-PAN3result_cog.tif
2025-12-02 11:06:19 - geoshift - INFO - main_window.py:350 - Loading Image A: SV2-02_20230628_L2A0000686239_0012320820001_01-PAN3result_cog.tif...
2025-12-02 11:06:19 - geoshift - INFO - reader.py:24 - Loading raster: SV2-02_20230628_L2A0000686239_0012320820001_01-PAN3result_cog.tif
2025-12-02 11:06:19 - geoshift - INFO - reader.py:25 - Original CRS: EPSG:32611
2025-12-02 11:06:19 - geoshift - INFO - reader.py:26 - Original bounds: BoundingBox(left=428208.5, bottom=3867632.5, right=447058.5, top=3889829.5)
2025-12-02 11:06:19 - geoshift - INFO - reader.py:32 - Reprojected bounds to WGS84: (-117.78816297636416, 34.94866577937897, -117.57981317181044, 35.14997474633895)
2025-12-02 11:06:19 - geoshift - INFO - reader.py:46 - Nodata value: None
2025-12-02 11:06:19 - geoshift - INFO - reader.py:66 - No nodata value defined, assuming 0 is nodata
2025-12-02 11:06:19 - geoshift - INFO - reader.py:80 - Preview data range: min=0.00, max=2198.00
2025-12-02 11:06:19 - geoshift - INFO - reader.py:81 - Contrast stretch (valid pixels): 2nd percentile=844.00, 98th percentile=1660.00
2025-12-02 11:06:19 - geoshift - INFO - reader.py:90 - Preview mean value after stretch: 94.13
2025-12-02 11:06:19 - geoshift - INFO - reader.py:124 - Converted single-band image to RGBA with transparency
2025-12-02 11:06:19 - geoshift - INFO - reader.py:132 - Saved preview to: C:\Users\Samson Adeyomoye\Desktop\Desktop_Geoshift\geoshift-desktop\assets\previews\preview_SV2-02_20230628_L2A0000686239_0012320820001_01-PAN3result_cog.tif.png
2025-12-02 11:06:19 - geoshift - INFO - main_window.py:397 - Raster loaded for slot A: C:/Users/Samson Adeyomoye/Downloads/SV2-02_20230628_L2A0000686239_0012320820001_01-PAN3result_cog.tif
2025-12-02 11:06:19 - geoshift - INFO - main_window.py:350 - Loaded Image A: SV2-02_20230628_L2A0000686239_0012320820001_01-PAN3result_cog.tif
2025-12-02 11:06:19 - geoshift - INFO - map_widget.py:255 - show_map called
2025-12-02 11:06:19 - geoshift - DEBUG - map_widget.py:127 - Encoded image: preview_SV2-02_20230628_L2A0000686239_0012320820001_01-PAN3result_cog.tif.png
2025-12-02 11:06:19 - geoshift - INFO - map_widget.py:251 - Map rendered with current layers
2025-12-02 11:06:20 - geoshift - INFO - main_window.py:376 - load_image called for slot B
2025-12-02 11:06:24 - geoshift - INFO - main_window.py:379 - Selected file: C:/Users/Samson Adeyomoye/Downloads/SV2-02_20230628_L2A0000686239_0012320820001_01-PAN1result_cog.tif
2025-12-02 11:06:24 - geoshift - INFO - main_window.py:350 - Loading Image B: SV2-02_20230628_L2A0000686239_0012320820001_01-PAN1result_cog.tif...
2025-12-02 11:06:24 - geoshift - INFO - reader.py:24 - Loading raster: SV2-02_20230628_L2A0000686239_0012320820001_01-PAN1result_cog.tif
2025-12-02 11:06:24 - geoshift - INFO - reader.py:25 - Original CRS: EPSG:32611
2025-12-02 11:06:24 - geoshift - INFO - reader.py:26 - Original bounds: BoundingBox(left=428403.0, bottom=3867450.5, right=447166.0, top=3889719.0)
2025-12-02 11:06:24 - geoshift - INFO - reader.py:32 - Reprojected bounds to WGS84: (-117.78601825639633, 34.94703851311185, -117.57862435836778, 35.1489840503135)
2025-12-02 11:06:24 - geoshift - INFO - reader.py:46 - Nodata value: None
2025-12-02 11:06:24 - geoshift - INFO - reader.py:66 - No nodata value defined, assuming 0 is nodata
2025-12-02 11:06:24 - geoshift - INFO - reader.py:80 - Preview data range: min=0.00, max=2266.00
2025-12-02 11:06:24 - geoshift - INFO - reader.py:81 - Contrast stretch (valid pixels): 2nd percentile=760.00, 98th percentile=1526.00
2025-12-02 11:06:24 - geoshift - INFO - reader.py:90 - Preview mean value after stretch: 95.59
2025-12-02 11:06:24 - geoshift - INFO - reader.py:124 - Converted single-band image to RGBA with transparency
2025-12-02 11:06:24 - geoshift - INFO - reader.py:132 - Saved preview to: C:\Users\Samson Adeyomoye\Desktop\Desktop_Geoshift\geoshift-desktop\assets\previews\preview_SV2-02_20230628_L2A0000686239_0012320820001_01-PAN1result_cog.tif.png
2025-12-02 11:06:24 - geoshift - INFO - main_window.py:397 - Raster loaded for slot B: C:/Users/Samson Adeyomoye/Downloads/SV2-02_20230628_L2A0000686239_0012320820001_01-PAN1result_cog.tif
2025-12-02 11:06:24 - geoshift - INFO - main_window.py:350 - Loaded Image B: SV2-02_20230628_L2A0000686239_0012320820001_01-PAN1result_cog.tif
2025-12-02 11:06:24 - geoshift - INFO - map_widget.py:274 - show_comparison called
2025-12-02 11:06:24 - geoshift - INFO - map_widget.py:117 - Map widget initialized with blank screen
2025-12-02 11:06:24 - geoshift - DEBUG - map_widget.py:127 - Encoded image: preview_SV2-02_20230628_L2A0000686239_0012320820001_01-PAN3result_cog.tif.png
2025-12-02 11:06:24 - geoshift - DEBUG - map_widget.py:127 - Encoded image: preview_SV2-02_20230628_L2A0000686239_0012320820001_01-PAN1result_cog.tif.png
2025-12-02 11:06:24 - geoshift - INFO - map_widget.py:251 - Map rendered with current layers
2025-12-02 11:06:24 - geoshift - INFO - main_window.py:350 - Both images loaded. Select analysis type and click 'Run Analysis'.
2025-12-02 11:06:38 - geoshift - INFO - map_widget.py:274 - show_comparison called
2025-12-02 11:06:38 - geoshift - INFO - map_widget.py:117 - Map widget initialized with blank screen
2025-12-02 11:06:38 - geoshift - DEBUG - map_widget.py:127 - Encoded image: preview_SV2-02_20230628_L2A0000686239_0012320820001_01-PAN1result_cog.tif.png
2025-12-02 11:06:38 - geoshift - DEBUG - map_widget.py:127 - Encoded image: preview_SV2-02_20230628_L2A0000686239_0012320820001_01-PAN3result_cog.tif.png
2025-12-02 11:06:38 - geoshift - INFO - map_widget.py:251 - Map rendered with current layers
2025-12-02 11:06:38 - geoshift - INFO - main_window.py:350 - Swapped Image A and Image B
