2025-12-01 10:19:16 - geoshift - INFO - map_widget.py:55 - Map widget initialized with blank screen
2025-12-01 10:23:14 - geoshift - INFO - main_window.py:245 - load_image called for slot A
2025-12-01 10:23:23 - geoshift - INFO - main_window.py:248 - Selected file: C:/Users/Samson Adeyomoye/Downloads/SV2-02_20230628_L2A0000686239_0012320820001_01-PAN3result_cog.tif
2025-12-01 10:23:23 - geoshift - INFO - main_window.py:218 - Loading Image A: SV2-02_20230628_L2A0000686239_0012320820001_01-PAN3result_cog.tif...
2025-12-01 10:23:23 - geoshift - INFO - reader.py:24 - Loading raster: SV2-02_20230628_L2A0000686239_0012320820001_01-PAN3result_cog.tif
2025-12-01 10:23:23 - geoshift - INFO - reader.py:25 - Original CRS: EPSG:32611
2025-12-01 10:23:23 - geoshift - INFO - reader.py:26 - Original bounds: BoundingBox(left=428208.5, bottom=3867632.5, right=447058.5, top=3889829.5)
2025-12-01 10:23:23 - geoshift - INFO - reader.py:32 - Reprojected bounds to WGS84: (-117.78816297636416, 34.94866577937897, -117.57981317181044, 35.14997474633895)
2025-12-01 10:23:23 - geoshift - INFO - reader.py:46 - Nodata value: None
2025-12-01 10:23:23 - geoshift - INFO - reader.py:66 - No nodata value defined, assuming 0 is nodata
2025-12-01 10:23:23 - geoshift - INFO - reader.py:80 - Preview data range: min=0.00, max=2198.00
2025-12-01 10:23:23 - geoshift - INFO - reader.py:81 - Contrast stretch (valid pixels): 2nd percentile=844.00, 98th percentile=1660.00
2025-12-01 10:23:23 - geoshift - INFO - reader.py:90 - Preview mean value after stretch: 94.13
2025-12-01 10:23:23 - geoshift - INFO - reader.py:124 - Converted single-band image to RGBA with transparency
2025-12-01 10:23:23 - geoshift - INFO - reader.py:132 - Saved preview to: C:\Users\Samson Adeyomoye\Desktop\Desktop_Geoshift\geoshift-desktop\assets\previews\preview_SV2-02_20230628_L2A0000686239_0012320820001_01-PAN3result_cog.tif.png
2025-12-01 10:23:23 - geoshift - INFO - main_window.py:266 - Raster loaded for slot A: C:/Users/Samson Adeyomoye/Downloads/SV2-02_20230628_L2A0000686239_0012320820001_01-PAN3result_cog.tif
2025-12-01 10:23:23 - geoshift - INFO - main_window.py:218 - Loaded Image A: SV2-02_20230628_L2A0000686239_0012320820001_01-PAN3result_cog.tif
2025-12-01 10:23:24 - geoshift - INFO - main_window.py:245 - load_image called for slot B
2025-12-01 10:23:30 - geoshift - INFO - main_window.py:248 - Selected file: C:/Users/Samson Adeyomoye/Downloads/SV2-02_20230628_L2A0000686239_0012320820001_01-PAN2result_cog.tif
2025-12-01 10:23:30 - geoshift - INFO - main_window.py:218 - Loading Image B: SV2-02_20230628_L2A0000686239_0012320820001_01-PAN2result_cog.tif...
2025-12-01 10:23:30 - geoshift - INFO - reader.py:24 - Loading raster: SV2-02_20230628_L2A0000686239_0012320820001_01-PAN2result_cog.tif
2025-12-01 10:23:30 - geoshift - INFO - reader.py:25 - Original CRS: EPSG:32611
2025-12-01 10:23:30 - geoshift - INFO - reader.py:26 - Original bounds: BoundingBox(left=430211.0, bottom=3870839.0, right=446189.0, top=3890479.5)
2025-12-01 10:23:30 - geoshift - INFO - reader.py:32 - Reprojected bounds to WGS84: (-117.76623524792988, 34.97771776427887, -117.58954252586503, 35.15578945697758)
2025-12-01 10:23:30 - geoshift - INFO - reader.py:46 - Nodata value: None
2025-12-01 10:23:30 - geoshift - INFO - reader.py:66 - No nodata value defined, assuming 0 is nodata
2025-12-01 10:23:30 - geoshift - INFO - reader.py:80 - Preview data range: min=0.00, max=2266.00
2025-12-01 10:23:30 - geoshift - INFO - reader.py:81 - Contrast stretch (valid pixels): 2nd percentile=590.00, 98th percentile=1273.00
2025-12-01 10:23:30 - geoshift - INFO - reader.py:90 - Preview mean value after stretch: 89.42
2025-12-01 10:23:30 - geoshift - INFO - reader.py:124 - Converted single-band image to RGBA with transparency
2025-12-01 10:23:30 - geoshift - INFO - reader.py:132 - Saved preview to: C:\Users\Samson Adeyomoye\Desktop\Desktop_Geoshift\geoshift-desktop\assets\previews\preview_SV2-02_20230628_L2A0000686239_0012320820001_01-PAN2result_cog.tif.png
2025-12-01 10:23:30 - geoshift - INFO - main_window.py:266 - Raster loaded for slot B: C:/Users/Samson Adeyomoye/Downloads/SV2-02_20230628_L2A0000686239_0012320820001_01-PAN2result_cog.tif
2025-12-01 10:23:30 - geoshift - INFO - main_window.py:218 - Loaded Image B: SV2-02_20230628_L2A0000686239_0012320820001_01-PAN2result_cog.tif
2025-12-01 10:23:30 - geoshift - INFO - map_widget.py:119 - show_comparison called
2025-12-01 10:23:30 - geoshift - DEBUG - map_widget.py:65 - Encoded image: preview_SV2-02_20230628_L2A0000686239_0012320820001_01-PAN3result_cog.tif.png
2025-12-01 10:23:30 - geoshift - DEBUG - map_widget.py:65 - Encoded image: preview_SV2-02_20230628_L2A0000686239_0012320820001_01-PAN2result_cog.tif.png
2025-12-01 10:23:30 - geoshift - INFO - map_widget.py:185 - Comparison view rendered successfully with DualMap
2025-12-01 10:23:30 - geoshift - INFO - main_window.py:218 - Both images loaded. Select analysis type and click 'Run Analysis'.
2025-12-01 10:37:11 - geoshift - INFO - map_widget.py:55 - Map widget initialized with blank screen
2025-12-01 10:37:13 - geoshift - INFO - main_window.py:245 - load_image called for slot A
2025-12-01 10:37:16 - geoshift - INFO - main_window.py:248 - Selected file: C:/Users/Samson Adeyomoye/Downloads/SV2-02_20230628_L2A0000686239_0012320820001_01-PAN3result_cog.tif
2025-12-01 10:37:16 - geoshift - INFO - main_window.py:218 - Loading Image A: SV2-02_20230628_L2A0000686239_0012320820001_01-PAN3result_cog.tif...
2025-12-01 10:37:16 - geoshift - INFO - reader.py:24 - Loading raster: SV2-02_20230628_L2A0000686239_0012320820001_01-PAN3result_cog.tif
2025-12-01 10:37:16 - geoshift - INFO - reader.py:25 - Original CRS: EPSG:32611
2025-12-01 10:37:16 - geoshift - INFO - reader.py:26 - Original bounds: BoundingBox(left=428208.5, bottom=3867632.5, right=447058.5, top=3889829.5)
2025-12-01 10:37:16 - geoshift - INFO - reader.py:32 - Reprojected bounds to WGS84: (-117.78816297636416, 34.94866577937897, -117.57981317181044, 35.14997474633895)
2025-12-01 10:37:16 - geoshift - INFO - reader.py:46 - Nodata value: None
2025-12-01 10:37:16 - geoshift - INFO - reader.py:66 - No nodata value defined, assuming 0 is nodata
2025-12-01 10:37:16 - geoshift - INFO - reader.py:80 - Preview data range: min=0.00, max=2198.00
2025-12-01 10:37:16 - geoshift - INFO - reader.py:81 - Contrast stretch (valid pixels): 2nd percentile=844.00, 98th percentile=1660.00
2025-12-01 10:37:16 - geoshift - INFO - reader.py:90 - Preview mean value after stretch: 94.13
2025-12-01 10:37:16 - geoshift - INFO - reader.py:124 - Converted single-band image to RGBA with transparency
2025-12-01 10:37:16 - geoshift - INFO - reader.py:132 - Saved preview to: C:\Users\Samson Adeyomoye\Desktop\Desktop_Geoshift\geoshift-desktop\assets\previews\preview_SV2-02_20230628_L2A0000686239_0012320820001_01-PAN3result_cog.tif.png
2025-12-01 10:37:16 - geoshift - INFO - main_window.py:266 - Raster loaded for slot A: C:/Users/Samson Adeyomoye/Downloads/SV2-02_20230628_L2A0000686239_0012320820001_01-PAN3result_cog.tif
2025-12-01 10:37:16 - geoshift - INFO - main_window.py:218 - Loaded Image A: SV2-02_20230628_L2A0000686239_0012320820001_01-PAN3result_cog.tif
2025-12-01 10:37:16 - geoshift - INFO - map_widget.py:77 - show_map called
2025-12-01 10:37:16 - geoshift - DEBUG - map_widget.py:65 - Encoded image: preview_SV2-02_20230628_L2A0000686239_0012320820001_01-PAN3result_cog.tif.png
2025-12-01 10:37:16 - geoshift - INFO - map_widget.py:108 - Single map view rendered successfully
2025-12-01 10:37:17 - geoshift - INFO - main_window.py:245 - load_image called for slot B
2025-12-01 10:37:21 - geoshift - INFO - main_window.py:248 - Selected file: C:/Users/Samson Adeyomoye/Downloads/SV2-02_20230628_L2A0000686239_0012320820001_01-PAN1result_cog.tif
2025-12-01 10:37:21 - geoshift - INFO - main_window.py:218 - Loading Image B: SV2-02_20230628_L2A0000686239_0012320820001_01-PAN1result_cog.tif...
2025-12-01 10:37:21 - geoshift - INFO - reader.py:24 - Loading raster: SV2-02_20230628_L2A0000686239_0012320820001_01-PAN1result_cog.tif
2025-12-01 10:37:21 - geoshift - INFO - reader.py:25 - Original CRS: EPSG:32611
2025-12-01 10:37:21 - geoshift - INFO - reader.py:26 - Original bounds: BoundingBox(left=428403.0, bottom=3867450.5, right=447166.0, top=3889719.0)
2025-12-01 10:37:21 - geoshift - INFO - reader.py:32 - Reprojected bounds to WGS84: (-117.78601825639633, 34.94703851311185, -117.57862435836778, 35.1489840503135)
2025-12-01 10:37:21 - geoshift - INFO - reader.py:46 - Nodata value: None
2025-12-01 10:37:21 - geoshift - INFO - reader.py:66 - No nodata value defined, assuming 0 is nodata
2025-12-01 10:37:21 - geoshift - INFO - reader.py:80 - Preview data range: min=0.00, max=2266.00
2025-12-01 10:37:21 - geoshift - INFO - reader.py:81 - Contrast stretch (valid pixels): 2nd percentile=760.00, 98th percentile=1526.00
2025-12-01 10:37:21 - geoshift - INFO - reader.py:90 - Preview mean value after stretch: 95.59
2025-12-01 10:37:21 - geoshift - INFO - reader.py:124 - Converted single-band image to RGBA with transparency
2025-12-01 10:37:21 - geoshift - INFO - reader.py:132 - Saved preview to: C:\Users\Samson Adeyomoye\Desktop\Desktop_Geoshift\geoshift-desktop\assets\previews\preview_SV2-02_20230628_L2A0000686239_0012320820001_01-PAN1result_cog.tif.png
2025-12-01 10:37:21 - geoshift - INFO - main_window.py:266 - Raster loaded for slot B: C:/Users/Samson Adeyomoye/Downloads/SV2-02_20230628_L2A0000686239_0012320820001_01-PAN1result_cog.tif
2025-12-01 10:37:21 - geoshift - INFO - main_window.py:218 - Loaded Image B: SV2-02_20230628_L2A0000686239_0012320820001_01-PAN1result_cog.tif
2025-12-01 10:37:21 - geoshift - INFO - map_widget.py:119 - show_comparison called
2025-12-01 10:37:21 - geoshift - DEBUG - map_widget.py:65 - Encoded image: preview_SV2-02_20230628_L2A0000686239_0012320820001_01-PAN3result_cog.tif.png
2025-12-01 10:37:21 - geoshift - DEBUG - map_widget.py:65 - Encoded image: preview_SV2-02_20230628_L2A0000686239_0012320820001_01-PAN1result_cog.tif.png
2025-12-01 10:37:21 - geoshift - INFO - map_widget.py:185 - Comparison view rendered successfully with DualMap
2025-12-01 10:37:21 - geoshift - INFO - main_window.py:218 - Both images loaded. Select analysis type and click 'Run Analysis'.
2025-12-01 10:47:26 - geoshift - INFO - map_widget.py:119 - Map widget initialized with blank screen
2025-12-01 10:47:34 - geoshift - INFO - main_window.py:317 - load_image called for slot A
2025-12-01 10:47:38 - geoshift - INFO - main_window.py:320 - Selected file: C:/Users/Samson Adeyomoye/Downloads/SV2-02_20230628_L2A0000686239_0012320820001_01-PAN3result_cog.tif
2025-12-01 10:47:38 - geoshift - INFO - main_window.py:291 - Loading Image A: SV2-02_20230628_L2A0000686239_0012320820001_01-PAN3result_cog.tif...
2025-12-01 10:47:38 - geoshift - INFO - reader.py:24 - Loading raster: SV2-02_20230628_L2A0000686239_0012320820001_01-PAN3result_cog.tif
2025-12-01 10:47:38 - geoshift - INFO - reader.py:25 - Original CRS: EPSG:32611
2025-12-01 10:47:38 - geoshift - INFO - reader.py:26 - Original bounds: BoundingBox(left=428208.5, bottom=3867632.5, right=447058.5, top=3889829.5)
2025-12-01 10:47:38 - geoshift - INFO - reader.py:32 - Reprojected bounds to WGS84: (-117.78816297636416, 34.94866577937897, -117.57981317181044, 35.14997474633895)
2025-12-01 10:47:38 - geoshift - INFO - reader.py:46 - Nodata value: None
2025-12-01 10:47:38 - geoshift - INFO - reader.py:66 - No nodata value defined, assuming 0 is nodata
2025-12-01 10:47:38 - geoshift - INFO - reader.py:80 - Preview data range: min=0.00, max=2198.00
2025-12-01 10:47:38 - geoshift - INFO - reader.py:81 - Contrast stretch (valid pixels): 2nd percentile=844.00, 98th percentile=1660.00
2025-12-01 10:47:38 - geoshift - INFO - reader.py:90 - Preview mean value after stretch: 94.13
2025-12-01 10:47:38 - geoshift - INFO - reader.py:124 - Converted single-band image to RGBA with transparency
2025-12-01 10:47:38 - geoshift - INFO - reader.py:132 - Saved preview to: C:\Users\Samson Adeyomoye\Desktop\Desktop_Geoshift\geoshift-desktop\assets\previews\preview_SV2-02_20230628_L2A0000686239_0012320820001_01-PAN3result_cog.tif.png
2025-12-01 10:47:38 - geoshift - INFO - main_window.py:338 - Raster loaded for slot A: C:/Users/Samson Adeyomoye/Downloads/SV2-02_20230628_L2A0000686239_0012320820001_01-PAN3result_cog.tif
2025-12-01 10:47:38 - geoshift - INFO - main_window.py:291 - Loaded Image A: SV2-02_20230628_L2A0000686239_0012320820001_01-PAN3result_cog.tif
2025-12-01 10:47:38 - geoshift - INFO - map_widget.py:141 - show_map called
2025-12-01 10:47:38 - geoshift - DEBUG - map_widget.py:129 - Encoded image: preview_SV2-02_20230628_L2A0000686239_0012320820001_01-PAN3result_cog.tif.png
2025-12-01 10:47:38 - geoshift - INFO - map_widget.py:172 - Single map view rendered successfully
2025-12-01 10:47:41 - geoshift - INFO - main_window.py:317 - load_image called for slot B
2025-12-01 10:47:43 - geoshift - INFO - main_window.py:320 - Selected file: C:/Users/Samson Adeyomoye/Downloads/SV2-02_20230628_L2A0000686239_0012320820001_01-PAN3.tiff
2025-12-01 10:47:43 - geoshift - INFO - main_window.py:291 - Loading Image B: SV2-02_20230628_L2A0000686239_0012320820001_01-PAN3.tiff...
2025-12-01 10:47:43 - geoshift - INFO - reader.py:24 - Loading raster: SV2-02_20230628_L2A0000686239_0012320820001_01-PAN3.tiff
2025-12-01 10:47:43 - geoshift - INFO - reader.py:25 - Original CRS: EPSG:32611
2025-12-01 10:47:43 - geoshift - INFO - reader.py:26 - Original bounds: BoundingBox(left=428208.5, bottom=3867632.5, right=447058.5, top=3889829.5)
2025-12-01 10:47:43 - geoshift - INFO - reader.py:32 - Reprojected bounds to WGS84: (-117.78816297636416, 34.94866577937897, -117.57981317181044, 35.14997474633895)
2025-12-01 10:47:43 - geoshift - INFO - reader.py:46 - Nodata value: None
2025-12-01 10:47:43 - geoshift - INFO - reader.py:66 - No nodata value defined, assuming 0 is nodata
2025-12-01 10:47:43 - geoshift - INFO - reader.py:80 - Preview data range: min=0.00, max=2046.00
2025-12-01 10:47:43 - geoshift - INFO - reader.py:81 - Contrast stretch (valid pixels): 2nd percentile=802.00, 98th percentile=1675.00
2025-12-01 10:47:44 - geoshift - INFO - reader.py:90 - Preview mean value after stretch: 100.79
2025-12-01 10:47:44 - geoshift - INFO - reader.py:124 - Converted single-band image to RGBA with transparency
2025-12-01 10:47:44 - geoshift - INFO - reader.py:132 - Saved preview to: C:\Users\Samson Adeyomoye\Desktop\Desktop_Geoshift\geoshift-desktop\assets\previews\preview_SV2-02_20230628_L2A0000686239_0012320820001_01-PAN3.tiff.png
2025-12-01 10:47:44 - geoshift - INFO - main_window.py:338 - Raster loaded for slot B: C:/Users/Samson Adeyomoye/Downloads/SV2-02_20230628_L2A0000686239_0012320820001_01-PAN3.tiff
2025-12-01 10:47:44 - geoshift - INFO - main_window.py:291 - Loaded Image B: SV2-02_20230628_L2A0000686239_0012320820001_01-PAN3.tiff
2025-12-01 10:47:44 - geoshift - INFO - map_widget.py:183 - show_comparison called
2025-12-01 10:47:44 - geoshift - DEBUG - map_widget.py:129 - Encoded image: preview_SV2-02_20230628_L2A0000686239_0012320820001_01-PAN3result_cog.tif.png
2025-12-01 10:47:44 - geoshift - DEBUG - map_widget.py:129 - Encoded image: preview_SV2-02_20230628_L2A0000686239_0012320820001_01-PAN3.tiff.png
2025-12-01 10:47:44 - geoshift - INFO - map_widget.py:249 - Comparison view rendered successfully with DualMap
2025-12-01 10:47:44 - geoshift - INFO - main_window.py:291 - Both images loaded. Select analysis type and click 'Run Analysis'.
2025-12-01 10:47:48 - geoshift - INFO - main_window.py:291 - Analysis type: Water Change
2025-12-01 10:47:49 - geoshift - INFO - main_window.py:385 - run_analysis called
2025-12-01 10:47:49 - geoshift - INFO - main_window.py:391 - Starting analysis: water
2025-12-01 10:47:49 - geoshift - INFO - main_window.py:291 - Running Water Change...
